<?xml version="1.0" encoding="UTF-8"?>
<testng-results ignored="0" total="2" passed="2" failed="0" skipped="0">
  <reporter-output>
    <line>
      <![CDATA[Welcome to TestNG]]>
    </line>
    <line>
      <![CDATA[hello]]>
    </line>
  </reporter-output>
  <suite started-at="2022-07-19T10:12:20 IST" name="Default suite" finished-at="2022-07-19T10:12:20 IST" duration-ms="49">
    <groups>
    </groups>
    <test started-at="2022-07-19T10:12:20 IST" name="Default test" finished-at="2022-07-19T10:12:20 IST" duration-ms="49">
      <class name="org.test.sample.Sample_Test">
        <test-method signature="first()[pri:0, instance:org.test.sample.Sample_Test@156b88f5]" started-at="2022-07-19T10:12:20 IST" name="first" finished-at="2022-07-19T10:12:20 IST" duration-ms="11" status="PASS">
          <reporter-output>
            <line>
              <![CDATA[Welcome to TestNG]]>
            </line>
          </reporter-output>
        </test-method> <!-- first -->
      </class> <!-- org.test.sample.Sample_Test -->
      <class name="org.test.sample.Sample_TestNG">
        <test-method signature="sample()[pri:0, instance:org.test.sample.Sample_TestNG@169e6180]" started-at="2022-07-19T10:12:20 IST" name="sample" finished-at="2022-07-19T10:12:20 IST" duration-ms="1" status="PASS">
          <reporter-output>
            <line>
              <![CDATA[hello]]>
            </line>
          </reporter-output>
        </test-method> <!-- sample -->
      </class> <!-- org.test.sample.Sample_TestNG -->
    </test> <!-- Default test -->
  </suite> <!-- Default suite -->
</testng-results>
